2016-11-05 03:22:35,189 [Worker-0] INFO  c.g.t.t.d.PublishedGradleVersions - Gradle version information cache is not available. Remote download required.
2016-11-17 00:24:20,634 [Worker-2] INFO  c.g.t.t.d.PublishedGradleVersions - Gradle version information cache is out-of-date. Trying to update.
2016-11-18 23:19:11,286 [Worker-1] INFO  c.g.t.t.d.PublishedGradleVersions - Gradle version information cache is out-of-date. Trying to update.
2016-11-20 15:03:53,538 [Start Help Server] INFO  org.eclipse.jetty.util.log - Logging initialized @143105144ms
2016-11-20 15:03:53,812 [Start Help Server] INFO  org.eclipse.jetty.server.Server - jetty-9.3.9.v20160517
2016-11-20 15:03:53,909 [Start Help Server] INFO  o.e.j.server.handler.ContextHandler - Started o.e.j.s.ServletContextHandler@56f601a5{/help,null,AVAILABLE}
2016-11-20 15:03:53,963 [Start Help Server] INFO  o.e.jetty.server.AbstractConnector - Started ServerConnector@4885fa59{HTTP/1.1,[http/1.1]}{127.0.0.1:59267}
2016-11-20 15:03:53,964 [Start Help Server] INFO  org.eclipse.jetty.server.Server - Started @143105572ms
2016-11-20 18:56:25,573 [Stop Help Server] INFO  o.e.jetty.server.AbstractConnector - Stopped ServerConnector@4885fa59{HTTP/1.1,[http/1.1]}{127.0.0.1:0}
2016-11-20 18:56:25,589 [Stop Help Server] INFO  o.e.j.server.handler.ContextHandler - Stopped o.e.j.s.ServletContextHandler@56f601a5{/help,null,UNAVAILABLE}
2016-11-21 11:27:38,018 [Worker-1] INFO  c.g.t.t.d.PublishedGradleVersions - Gradle version information cache is out-of-date. Trying to update.
2016-11-21 11:27:38,905 [Worker-1] INFO  c.g.t.t.d.PublishedGradleVersions - Updating Gradle version information cache failed. Using outdated cache.
2016-11-29 11:58:21,140 [Worker-0] INFO  c.g.t.t.d.PublishedGradleVersions - Gradle version information cache is out-of-date. Trying to update.
2016-12-03 23:02:01,111 [Worker-5] INFO  c.g.t.t.d.PublishedGradleVersions - Gradle version information cache is out-of-date. Trying to update.
2016-12-05 16:10:58,068 [Worker-0] INFO  c.g.t.t.d.PublishedGradleVersions - Gradle version information cache is out-of-date. Trying to update.
2016-12-11 21:30:58,657 [Worker-0] INFO  c.g.t.t.d.PublishedGradleVersions - Gradle version information cache is out-of-date. Trying to update.
2016-12-11 21:30:59,562 [Worker-0] INFO  c.g.t.t.d.PublishedGradleVersions - Updating Gradle version information cache failed. Using outdated cache.
2016-12-16 00:52:28,888 [Worker-2] INFO  c.g.t.t.d.PublishedGradleVersions - Gradle version information cache is out-of-date. Trying to update.
2017-01-03 11:46:29,650 [Worker-1] INFO  c.g.t.t.d.PublishedGradleVersions - Gradle version information cache is out-of-date. Trying to update.
2017-01-05 21:41:10,985 [Worker-0] INFO  c.g.t.t.d.PublishedGradleVersions - Gradle version information cache is out-of-date. Trying to update.
2017-01-24 14:09:17,344 [Worker-1] INFO  c.g.t.t.d.PublishedGradleVersions - Gradle version information cache is out-of-date. Trying to update.
2017-01-26 12:02:27,530 [Worker-2] INFO  c.g.t.t.d.PublishedGradleVersions - Gradle version information cache is out-of-date. Trying to update.
2017-01-26 12:02:28,323 [Worker-2] INFO  c.g.t.t.d.PublishedGradleVersions - Updating Gradle version information cache failed. Using outdated cache.
2017-02-07 11:49:46,538 [Worker-2] INFO  c.g.t.t.d.PublishedGradleVersions - Gradle version information cache is out-of-date. Trying to update.
2017-02-11 23:39:27,023 [Worker-2] INFO  c.g.t.t.d.PublishedGradleVersions - Gradle version information cache is out-of-date. Trying to update.
2017-02-12 23:29:03,661 [Worker-103] INFO  o.e.m.i.launch.MavenLaunchDelegate - C:\Users\OWNER\Desktop\repo\viscadan\a2
2017-02-12 23:29:03,739 [Worker-103] INFO  o.e.m.i.launch.MavenLaunchDelegate -  mvn -B 
2017-02-12 23:29:15,470 [Worker-102] INFO  o.e.m.i.launch.MavenLaunchDelegate - C:\Users\OWNER\Desktop\repo\viscadan\a2
2017-02-12 23:29:15,470 [Worker-102] INFO  o.e.m.i.launch.MavenLaunchDelegate -  mvn -B 
2017-02-12 23:41:40,669 [Worker-108] INFO  o.e.m.i.launch.MavenLaunchDelegate - C:\Users\OWNER\Desktop\repo\viscadan\a2
2017-02-12 23:41:40,670 [Worker-108] INFO  o.e.m.i.launch.MavenLaunchDelegate -  mvn -B 
2017-02-18 19:52:34,899 [Worker-1] INFO  c.g.t.t.d.PublishedGradleVersions - Gradle version information cache is out-of-date. Trying to update.
2017-02-26 11:01:29,573 [Worker-1] INFO  c.g.t.t.d.PublishedGradleVersions - Gradle version information cache is out-of-date. Trying to update.
2017-02-26 11:01:44,392 [Worker-5] INFO  o.e.m.i.launch.MavenLaunchDelegate - C:\Users\OWNER\Desktop\repo\viscadan\a2
2017-02-26 11:01:44,395 [Worker-5] INFO  o.e.m.i.launch.MavenLaunchDelegate -  mvn -B 
2017-03-01 01:17:20,783 [Worker-2] INFO  c.g.t.t.d.PublishedGradleVersions - Gradle version information cache is out-of-date. Trying to update.
2017-03-01 01:17:51,598 [Worker-2] INFO  c.g.t.t.d.PublishedGradleVersions - Updating Gradle version information cache failed. Using outdated cache.
2017-03-01 15:34:09,049 [Worker-1] INFO  c.g.t.t.d.PublishedGradleVersions - Gradle version information cache is out-of-date. Trying to update.
2017-03-01 16:59:03,179 [Worker-2] INFO  c.g.t.t.d.PublishedGradleVersions - Gradle version information cache is up-to-date. Trying to read.
2017-03-04 18:40:49,578 [Worker-0] INFO  c.g.t.t.d.PublishedGradleVersions - Gradle version information cache is out-of-date. Trying to update.
2017-03-07 19:11:36,189 [Worker-1] INFO  c.g.t.t.d.PublishedGradleVersions - Gradle version information cache is out-of-date. Trying to update.
